TN:
SF:src/app.ts
FN:24,(anonymous_10)
FN:34,(anonymous_11)
FN:53,(anonymous_12)
FN:67,(anonymous_13)
FN:100,(anonymous_14)
FN:122,(anonymous_15)
FN:127,(anonymous_16)
FN:132,(anonymous_17)
FN:137,(anonymous_18)
FNF:9
FNH:0
FNDA:0,(anonymous_10)
FNDA:0,(anonymous_11)
FNDA:0,(anonymous_12)
FNDA:0,(anonymous_13)
FNDA:0,(anonymous_14)
FNDA:0,(anonymous_15)
FNDA:0,(anonymous_16)
FNDA:0,(anonymous_17)
FNDA:0,(anonymous_18)
DA:1,0
DA:2,0
DA:3,0
DA:4,0
DA:5,0
DA:6,0
DA:7,0
DA:8,0
DA:9,0
DA:10,0
DA:11,0
DA:12,0
DA:13,0
DA:14,0
DA:17,0
DA:25,0
DA:26,0
DA:27,0
DA:29,0
DA:30,0
DA:31,0
DA:36,0
DA:37,0
DA:40,0
DA:43,0
DA:49,0
DA:50,0
DA:55,0
DA:67,0
DA:68,0
DA:69,0
DA:70,0
DA:79,0
DA:81,0
DA:83,0
DA:84,0
DA:94,0
DA:95,0
DA:96,0
DA:97,0
DA:100,0
DA:101,0
DA:117,0
DA:118,0
DA:122,0
DA:123,0
DA:129,0
DA:133,0
DA:135,0
DA:137,0
DA:138,0
DA:148,0
DA:149,0
DA:150,0
DA:151,0
DA:152,0
DA:155,0
DA:156,0
DA:157,0
DA:163,0
DA:164,0
DA:166,0
LF:62
LH:0
BRDA:26,0,0,0
BRDA:26,0,1,0
BRDA:44,1,0,0
BRDA:44,1,1,0
BRDA:71,2,0,0
BRDA:71,2,1,0
BRDA:75,3,0,0
BRDA:75,3,1,0
BRDA:140,4,0,0
BRDA:140,4,1,0
BRDA:152,5,0,0
BRDA:152,5,1,0
BRF:12
BRH:0
end_of_record
TN:
SF:src/config/swagger.ts
FNF:0
FNH:0
DA:1,0
DA:2,0
DA:4,0
DA:302,0
DA:304,0
LF:5
LH:0
BRF:0
BRH:0
end_of_record
TN:
SF:src/constants/messages.ts
FN:152,getUserFriendlyMessage
FN:195,getContextualMessage
FNF:2
FNH:0
FNDA:0,getUserFriendlyMessage
FNDA:0,getContextualMessage
DA:8,0
DA:74,0
DA:106,0
DA:152,0
DA:153,0
DA:156,0
DA:157,0
DA:160,0
DA:161,0
DA:164,0
DA:165,0
DA:168,0
DA:169,0
DA:172,0
DA:173,0
DA:176,0
DA:177,0
DA:180,0
DA:181,0
DA:184,0
DA:185,0
DA:189,0
DA:195,0
DA:199,0
DA:200,0
DA:202,0
DA:205,0
LF:27
LH:0
BRDA:153,0,0,0
BRDA:153,0,1,0
BRDA:156,1,0,0
BRDA:156,1,1,0
BRDA:156,2,0,0
BRDA:156,2,1,0
BRDA:160,3,0,0
BRDA:160,3,1,0
BRDA:160,4,0,0
BRDA:160,4,1,0
BRDA:164,5,0,0
BRDA:164,5,1,0
BRDA:164,6,0,0
BRDA:164,6,1,0
BRDA:168,7,0,0
BRDA:168,7,1,0
BRDA:168,8,0,0
BRDA:168,8,1,0
BRDA:172,9,0,0
BRDA:172,9,1,0
BRDA:172,10,0,0
BRDA:172,10,1,0
BRDA:176,11,0,0
BRDA:176,11,1,0
BRDA:176,12,0,0
BRDA:176,12,1,0
BRDA:180,13,0,0
BRDA:180,13,1,0
BRDA:180,14,0,0
BRDA:180,14,1,0
BRDA:184,15,0,0
BRDA:184,15,1,0
BRDA:184,16,0,0
BRDA:184,16,1,0
BRDA:199,17,0,0
BRDA:199,17,1,0
BRDA:199,18,0,0
BRDA:199,18,1,0
BRF:38
BRH:0
end_of_record
TN:
SF:src/controllers/admin.ts
FN:7,(anonymous_1)
FN:11,(anonymous_2)
FN:144,(anonymous_3)
FN:177,(anonymous_4)
FN:210,(anonymous_5)
FN:286,(anonymous_6)
FN:365,(anonymous_7)
FNF:7
FNH:0
FNDA:0,(anonymous_1)
FNDA:0,(anonymous_2)
FNDA:0,(anonymous_3)
FNDA:0,(anonymous_4)
FNDA:0,(anonymous_5)
FNDA:0,(anonymous_6)
FNDA:0,(anonymous_7)
DA:2,0
DA:4,0
DA:5,0
DA:8,0
DA:11,0
DA:12,0
DA:14,0
DA:15,0
DA:16,0
DA:22,0
DA:23,0
DA:26,0
DA:29,0
DA:30,0
DA:33,0
DA:34,0
DA:35,0
DA:36,0
DA:40,0
DA:41,0
DA:42,0
DA:43,0
DA:47,0
DA:50,0
DA:60,0
DA:75,0
DA:77,0
DA:78,0
DA:79,0
DA:81,0
DA:82,0
DA:83,0
DA:91,0
DA:99,0
DA:102,0
DA:103,0
DA:111,0
DA:119,0
DA:123,0
DA:132,0
DA:144,0
DA:145,0
DA:146,0
DA:147,0
DA:148,0
DA:150,0
DA:152,0
DA:174,0
DA:177,0
DA:196,0
DA:198,0
DA:210,0
DA:211,0
DA:212,0
DA:214,0
DA:215,0
DA:216,0
DA:220,0
DA:221,0
DA:222,0
DA:223,0
DA:227,0
DA:230,0
DA:240,0
DA:250,0
DA:252,0
DA:253,0
DA:262,0
DA:263,0
DA:271,0
DA:274,0
DA:286,0
DA:287,0
DA:288,0
DA:290,0
DA:291,0
DA:292,0
DA:296,0
DA:297,0
DA:298,0
DA:299,0
DA:303,0
DA:304,0
DA:312,0
DA:316,0
DA:319,0
DA:329,0
DA:339,0
DA:341,0
DA:342,0
DA:350,0
DA:353,0
DA:365,0
DA:366,0
DA:367,0
DA:375,0
DA:393,0
DA:416,0
DA:418,0
DA:430,0
LF:100
LH:0
BRDA:15,0,0,0
BRDA:15,0,1,0
BRDA:17,1,0,0
BRDA:17,1,1,0
BRDA:18,2,0,0
BRDA:18,2,1,0
BRDA:34,3,0,0
BRDA:34,3,1,0
BRDA:41,4,0,0
BRDA:41,4,1,0
BRDA:54,5,0,0
BRDA:54,5,1,0
BRDA:55,6,0,0
BRDA:55,6,1,0
BRDA:78,7,0,0
BRDA:78,7,1,0
BRDA:79,8,0,0
BRDA:79,8,1,0
BRDA:81,9,0,0
BRDA:81,9,1,0
BRDA:82,10,0,0
BRDA:82,10,1,0
BRDA:102,11,0,0
BRDA:102,11,1,0
BRDA:146,12,0,0
BRDA:146,12,1,0
BRDA:147,13,0,0
BRDA:147,13,1,0
BRDA:214,14,0,0
BRDA:214,14,1,0
BRDA:221,15,0,0
BRDA:221,15,1,0
BRDA:234,16,0,0
BRDA:234,16,1,0
BRDA:235,17,0,0
BRDA:235,17,1,0
BRDA:237,18,0,0
BRDA:237,18,1,0
BRDA:255,19,0,0
BRDA:255,19,1,0
BRDA:256,20,0,0
BRDA:256,20,1,0
BRDA:257,21,0,0
BRDA:257,21,1,0
BRDA:262,22,0,0
BRDA:262,22,1,0
BRDA:262,23,0,0
BRDA:262,23,1,0
BRDA:290,24,0,0
BRDA:290,24,1,0
BRDA:297,25,0,0
BRDA:297,25,1,0
BRDA:303,26,0,0
BRDA:303,26,1,0
BRDA:323,27,0,0
BRDA:323,27,1,0
BRDA:324,28,0,0
BRDA:324,28,1,0
BRDA:326,29,0,0
BRDA:326,29,1,0
BRDA:341,30,0,0
BRDA:341,30,1,0
BRDA:341,31,0,0
BRDA:341,31,1,0
BRF:64
BRH:0
end_of_record
TN:
SF:src/controllers/application.ts
FN:9,(anonymous_1)
FN:15,(anonymous_2)
FN:85,(anonymous_3)
FN:185,(anonymous_4)
FN:203,(anonymous_5)
FN:245,(anonymous_6)
FN:312,(anonymous_7)
FN:346,(anonymous_8)
FN:457,(anonymous_9)
FNF:9
FNH:0
FNDA:0,(anonymous_1)
FNDA:0,(anonymous_2)
FNDA:0,(anonymous_3)
FNDA:0,(anonymous_4)
FNDA:0,(anonymous_5)
FNDA:0,(anonymous_6)
FNDA:0,(anonymous_7)
FNDA:0,(anonymous_8)
FNDA:0,(anonymous_9)
DA:2,0
DA:3,0
DA:4,0
DA:6,0
DA:7,0
DA:10,0
DA:11,0
DA:12,0
DA:15,0
DA:16,0
DA:17,0
DA:18,0
DA:21,0
DA:22,0
DA:23,0
DA:26,0
DA:27,0
DA:28,0
DA:29,0
DA:33,0
DA:34,0
DA:35,0
DA:43,0
DA:47,0
DA:48,0
DA:49,0
DA:57,0
DA:64,0
DA:70,0
DA:84,0
DA:86,0
DA:90,0
DA:112,0
DA:114,0
DA:123,0
DA:124,0
DA:125,0
DA:133,0
DA:136,0
DA:137,0
DA:145,0
DA:148,0
DA:149,0
DA:157,0
DA:160,0
DA:161,0
DA:169,0
DA:173,0
DA:185,0
DA:186,0
DA:187,0
DA:188,0
DA:189,0
DA:191,0
DA:192,0
DA:195,0
DA:198,0
DA:200,0
DA:203,0
DA:231,0
DA:233,0
DA:245,0
DA:246,0
DA:247,0
DA:248,0
DA:249,0
DA:252,0
DA:253,0
DA:254,0
DA:257,0
DA:258,0
DA:259,0
DA:260,0
DA:264,0
DA:265,0
DA:266,0
DA:274,0
DA:278,0
DA:279,0
DA:280,0
DA:288,0
DA:291,0
DA:292,0
DA:294,0
DA:295,0
DA:298,0
DA:301,0
DA:303,0
DA:312,0
DA:332,0
DA:334,0
DA:346,0
DA:347,0
DA:348,0
DA:349,0
DA:352,0
DA:353,0
DA:354,0
DA:357,0
DA:358,0
DA:359,0
DA:360,0
DA:364,0
DA:365,0
DA:366,0
DA:374,0
DA:378,0
DA:379,0
DA:380,0
DA:388,0
DA:392,0
DA:395,0
DA:407,0
DA:420,0
DA:422,0
DA:431,0
DA:432,0
DA:440,0
DA:443,0
DA:462,0
DA:463,0
DA:471,0
DA:473,0
DA:474,0
DA:479,0
LF:125
LH:0
BRDA:21,0,0,0
BRDA:21,0,1,0
BRDA:27,1,0,0
BRDA:27,1,1,0
BRDA:34,2,0,0
BRDA:34,2,1,0
BRDA:48,3,0,0
BRDA:48,3,1,0
BRDA:73,4,0,0
BRDA:73,4,1,0
BRDA:74,5,0,0
BRDA:74,5,1,0
BRDA:116,6,0,0
BRDA:116,6,1,0
BRDA:117,7,0,0
BRDA:117,7,1,0
BRDA:118,8,0,0
BRDA:118,8,1,0
BRDA:123,9,0,0
BRDA:123,9,1,0
BRDA:124,10,0,0
BRDA:124,10,1,0
BRDA:136,11,0,0
BRDA:136,11,1,0
BRDA:148,12,0,0
BRDA:148,12,1,0
BRDA:160,13,0,0
BRDA:160,13,1,0
BRDA:188,14,0,0
BRDA:188,14,1,0
BRDA:189,15,0,0
BRDA:189,15,1,0
BRDA:191,16,0,0
BRDA:191,16,1,0
BRDA:191,17,0,0
BRDA:191,17,1,0
BRDA:252,18,0,0
BRDA:252,18,1,0
BRDA:258,19,0,0
BRDA:258,19,1,0
BRDA:265,20,0,0
BRDA:265,20,1,0
BRDA:279,21,0,0
BRDA:279,21,1,0
BRDA:279,22,0,0
BRDA:279,22,1,0
BRDA:291,23,0,0
BRDA:291,23,1,0
BRDA:292,24,0,0
BRDA:292,24,1,0
BRDA:294,25,0,0
BRDA:294,25,1,0
BRDA:294,26,0,0
BRDA:294,26,1,0
BRDA:352,27,0,0
BRDA:352,27,1,0
BRDA:358,28,0,0
BRDA:358,28,1,0
BRDA:365,29,0,0
BRDA:365,29,1,0
BRDA:379,30,0,0
BRDA:379,30,1,0
BRDA:398,31,0,0
BRDA:398,31,1,0
BRDA:399,32,0,0
BRDA:399,32,1,0
BRDA:424,33,0,0
BRDA:424,33,1,0
BRDA:425,34,0,0
BRDA:425,34,1,0
BRDA:426,35,0,0
BRDA:426,35,1,0
BRDA:431,36,0,0
BRDA:431,36,1,0
BRDA:431,37,0,0
BRDA:431,37,1,0
BRF:76
BRH:0
end_of_record
TN:
SF:src/controllers/auth.ts
FN:5,(anonymous_1)
FN:8,(anonymous_2)
FN:99,(anonymous_3)
FN:158,(anonymous_4)
FN:208,(anonymous_5)
FNF:5
FNH:0
FNDA:0,(anonymous_1)
FNDA:0,(anonymous_2)
FNDA:0,(anonymous_3)
FNDA:0,(anonymous_4)
FNDA:0,(anonymous_5)
DA:2,0
DA:6,0
DA:8,0
DA:9,0
DA:10,0
DA:13,0
DA:14,0
DA:22,0
DA:26,0
DA:27,0
DA:28,0
DA:36,0
DA:40,0
DA:45,0
DA:60,0
DA:62,0
DA:63,0
DA:64,0
DA:72,0
DA:75,0
DA:76,0
DA:84,0
DA:88,0
DA:99,0
DA:100,0
DA:101,0
DA:104,0
DA:105,0
DA:113,0
DA:117,0
DA:122,0
DA:133,0
DA:135,0
DA:136,0
DA:144,0
DA:147,0
DA:158,0
DA:159,0
DA:160,0
DA:161,0
DA:169,0
DA:172,0
DA:174,0
DA:175,0
DA:183,0
DA:186,0
DA:195,0
DA:197,0
DA:208,0
DA:209,0
DA:210,0
DA:211,0
DA:219,0
DA:223,0
DA:225,0
DA:235,0
DA:237,0
DA:249,0
LF:58
LH:0
BRDA:13,0,0,0
BRDA:13,0,1,0
BRDA:13,1,0,0
BRDA:13,1,1,0
BRDA:27,2,0,0
BRDA:27,2,1,0
BRDA:62,3,0,0
BRDA:62,3,1,0
BRDA:63,4,0,0
BRDA:63,4,1,0
BRDA:75,5,0,0
BRDA:75,5,1,0
BRDA:104,6,0,0
BRDA:104,6,1,0
BRDA:104,7,0,0
BRDA:104,7,1,0
BRDA:135,8,0,0
BRDA:135,8,1,0
BRDA:135,9,0,0
BRDA:135,9,1,0
BRDA:160,10,0,0
BRDA:160,10,1,0
BRDA:174,11,0,0
BRDA:174,11,1,0
BRDA:210,12,0,0
BRDA:210,12,1,0
BRF:26
BRH:0
end_of_record
TN:
SF:src/controllers/mclass.ts
FN:7,(anonymous_1)
FN:11,(anonymous_2)
FN:179,(anonymous_3)
FN:197,(anonymous_4)
FN:238,(anonymous_5)
FN:305,(anonymous_6)
FNF:6
FNH:0
FNDA:0,(anonymous_1)
FNDA:0,(anonymous_2)
FNDA:0,(anonymous_3)
FNDA:0,(anonymous_4)
FNDA:0,(anonymous_5)
FNDA:0,(anonymous_6)
DA:2,0
DA:4,0
DA:5,0
DA:8,0
DA:11,0
DA:12,0
DA:14,0
DA:22,0
DA:23,0
DA:29,0
DA:30,0
DA:33,0
DA:36,0
DA:37,0
DA:40,0
DA:41,0
DA:44,0
DA:48,0
DA:49,0
DA:52,0
DA:56,0
DA:57,0
DA:60,0
DA:64,0
DA:65,0
DA:66,0
DA:68,0
DA:69,0
DA:72,0
DA:75,0
DA:76,0
DA:79,0
DA:83,0
DA:84,0
DA:87,0
DA:90,0
DA:91,0
DA:94,0
DA:98,0
DA:108,0
DA:111,0
DA:124,0
DA:144,0
DA:146,0
DA:155,0
DA:156,0
DA:164,0
DA:167,0
DA:179,0
DA:180,0
DA:181,0
DA:182,0
DA:183,0
DA:185,0
DA:186,0
DA:189,0
DA:192,0
DA:194,0
DA:197,0
DA:224,0
DA:226,0
DA:238,0
DA:239,0
DA:240,0
DA:242,0
DA:243,0
DA:244,0
DA:248,0
DA:249,0
DA:250,0
DA:251,0
DA:254,0
DA:256,0
DA:257,0
DA:265,0
DA:268,0
DA:291,0
DA:293,0
DA:305,0
DA:306,0
DA:307,0
DA:309,0
DA:310,0
DA:311,0
DA:315,0
DA:316,0
DA:317,0
DA:318,0
DA:322,0
DA:323,0
DA:324,0
DA:332,0
DA:336,0
DA:339,0
DA:352,0
DA:365,0
DA:367,0
DA:376,0
DA:377,0
DA:385,0
DA:388,0
DA:400,0
LF:102
LH:0
BRDA:22,0,0,0
BRDA:22,0,1,0
BRDA:24,1,0,0
BRDA:24,1,1,0
BRDA:25,2,0,0
BRDA:25,2,1,0
BRDA:40,3,0,0
BRDA:40,3,1,0
BRDA:40,4,0,0
BRDA:40,4,1,0
BRDA:40,4,2,0
BRDA:48,5,0,0
BRDA:48,5,1,0
BRDA:48,6,0,0
BRDA:48,6,1,0
BRDA:56,7,0,0
BRDA:56,7,1,0
BRDA:56,8,0,0
BRDA:56,8,1,0
BRDA:68,9,0,0
BRDA:68,9,1,0
BRDA:75,10,0,0
BRDA:75,10,1,0
BRDA:83,11,0,0
BRDA:83,11,1,0
BRDA:90,12,0,0
BRDA:90,12,1,0
BRDA:114,13,0,0
BRDA:114,13,1,0
BRDA:115,14,0,0
BRDA:115,14,1,0
BRDA:148,15,0,0
BRDA:148,15,1,0
BRDA:149,16,0,0
BRDA:149,16,1,0
BRDA:150,17,0,0
BRDA:150,17,1,0
BRDA:155,18,0,0
BRDA:155,18,1,0
BRDA:155,19,0,0
BRDA:155,19,1,0
BRDA:181,20,0,0
BRDA:181,20,1,0
BRDA:182,21,0,0
BRDA:182,21,1,0
BRDA:185,22,0,0
BRDA:185,22,1,0
BRDA:185,23,0,0
BRDA:185,23,1,0
BRDA:242,24,0,0
BRDA:242,24,1,0
BRDA:249,25,0,0
BRDA:249,25,1,0
BRDA:256,26,0,0
BRDA:256,26,1,0
BRDA:309,27,0,0
BRDA:309,27,1,0
BRDA:316,28,0,0
BRDA:316,28,1,0
BRDA:323,29,0,0
BRDA:323,29,1,0
BRDA:342,30,0,0
BRDA:342,30,1,0
BRDA:343,31,0,0
BRDA:343,31,1,0
BRDA:369,32,0,0
BRDA:369,32,1,0
BRDA:370,33,0,0
BRDA:370,33,1,0
BRDA:371,34,0,0
BRDA:371,34,1,0
BRDA:376,35,0,0
BRDA:376,35,1,0
BRDA:376,36,0,0
BRDA:376,36,1,0
BRF:75
BRH:0
end_of_record
TN:
SF:src/controllers/user.ts
FN:7,(anonymous_1)
FN:10,(anonymous_2)
FN:120,(anonymous_3)
FN:202,(anonymous_4)
FN:242,(anonymous_5)
FN:292,(anonymous_6)
FNF:6
FNH:0
FNDA:0,(anonymous_1)
FNDA:0,(anonymous_2)
FNDA:0,(anonymous_3)
FNDA:0,(anonymous_4)
FNDA:0,(anonymous_5)
FNDA:0,(anonymous_6)
DA:2,0
DA:4,0
DA:5,0
DA:8,0
DA:10,0
DA:11,0
DA:13,0
DA:14,0
DA:15,0
DA:21,0
DA:22,0
DA:25,0
DA:28,0
DA:29,0
DA:32,0
DA:33,0
DA:34,0
DA:35,0
DA:39,0
DA:40,0
DA:41,0
DA:42,0
DA:46,0
DA:52,0
DA:59,0
DA:74,0
DA:76,0
DA:77,0
DA:78,0
DA:80,0
DA:81,0
DA:82,0
DA:83,0
DA:91,0
DA:94,0
DA:95,0
DA:96,0
DA:104,0
DA:108,0
DA:109,0
DA:120,0
DA:121,0
DA:123,0
DA:124,0
DA:125,0
DA:126,0
DA:129,0
DA:132,0
DA:133,0
DA:136,0
DA:137,0
DA:138,0
DA:141,0
DA:142,0
DA:143,0
DA:147,0
DA:153,0
DA:160,0
DA:171,0
DA:173,0
DA:174,0
DA:175,0
DA:177,0
DA:178,0
DA:179,0
DA:187,0
DA:190,0
DA:191,0
DA:202,0
DA:203,0
DA:204,0
DA:205,0
DA:213,0
DA:216,0
DA:218,0
DA:229,0
DA:231,0
DA:242,0
DA:243,0
DA:244,0
DA:245,0
DA:253,0
DA:256,0
DA:258,0
DA:259,0
DA:267,0
DA:270,0
DA:279,0
DA:281,0
DA:292,0
DA:293,0
DA:294,0
DA:295,0
DA:303,0
DA:306,0
DA:307,0
DA:309,0
DA:311,0
DA:312,0
DA:313,0
DA:321,0
DA:323,0
DA:326,0
DA:327,0
DA:330,0
DA:331,0
DA:339,0
DA:342,0
DA:344,0
DA:354,0
DA:356,0
DA:357,0
DA:358,0
DA:366,0
DA:369,0
DA:370,0
DA:378,0
DA:382,0
DA:394,0
LF:119
LH:0
BRDA:14,0,0,0
BRDA:14,0,1,0
BRDA:16,1,0,0
BRDA:16,1,1,0
BRDA:17,2,0,0
BRDA:17,2,1,0
BRDA:33,3,0,0
BRDA:33,3,1,0
BRDA:40,4,0,0
BRDA:40,4,1,0
BRDA:55,5,0,0
BRDA:55,5,1,0
BRDA:56,6,0,0
BRDA:56,6,1,0
BRDA:77,7,0,0
BRDA:77,7,1,0
BRDA:78,8,0,0
BRDA:78,8,1,0
BRDA:80,9,0,0
BRDA:80,9,1,0
BRDA:81,10,0,0
BRDA:81,10,1,0
BRDA:94,11,0,0
BRDA:94,11,1,0
BRDA:124,12,0,0
BRDA:124,12,1,0
BRDA:136,13,0,0
BRDA:136,13,1,0
BRDA:136,14,0,0
BRDA:136,14,1,0
BRDA:141,15,0,0
BRDA:141,15,1,0
BRDA:141,16,0,0
BRDA:141,16,1,0
BRDA:156,17,0,0
BRDA:156,17,1,0
BRDA:157,18,0,0
BRDA:157,18,1,0
BRDA:174,19,0,0
BRDA:174,19,1,0
BRDA:175,20,0,0
BRDA:175,20,1,0
BRDA:177,21,0,0
BRDA:177,21,1,0
BRDA:177,22,0,0
BRDA:177,22,1,0
BRDA:204,23,0,0
BRDA:204,23,1,0
BRDA:244,24,0,0
BRDA:244,24,1,0
BRDA:258,25,0,0
BRDA:258,25,1,0
BRDA:294,26,0,0
BRDA:294,26,1,0
BRDA:309,27,0,0
BRDA:309,27,1,0
BRDA:312,28,0,0
BRDA:312,28,1,0
BRDA:326,29,0,0
BRDA:326,29,1,0
BRDA:330,30,0,0
BRDA:330,30,1,0
BRDA:356,31,0,0
BRDA:356,31,1,0
BRDA:357,32,0,0
BRDA:357,32,1,0
BRDA:369,33,0,0
BRDA:369,33,1,0
BRF:68
BRH:0
end_of_record
TN:
SF:src/middleware/auth.ts
FN:12,(anonymous_1)
FN:71,(anonymous_2)
FN:99,(anonymous_3)
FNF:3
FNH:0
FNDA:0,(anonymous_1)
FNDA:0,(anonymous_2)
FNDA:0,(anonymous_3)
DA:2,0
DA:3,0
DA:9,0
DA:10,0
DA:13,0
DA:14,0
DA:15,0
DA:17,0
DA:18,0
DA:26,0
DA:29,0
DA:32,0
DA:37,0
DA:38,0
DA:46,0
DA:50,0
DA:56,0
DA:58,0
DA:60,0
DA:72,0
DA:73,0
DA:81,0
DA:84,0
DA:85,0
DA:93,0
DA:96,0
DA:100,0
DA:101,0
DA:103,0
DA:104,0
DA:105,0
DA:106,0
DA:109,0
DA:113,0
DA:118,0
DA:119,0
DA:120,0
DA:123,0
LF:38
LH:0
BRDA:17,0,0,0
BRDA:17,0,1,0
BRDA:37,1,0,0
BRDA:37,1,1,0
BRDA:64,2,0,0
BRDA:64,2,1,0
BRDA:72,3,0,0
BRDA:72,3,1,0
BRDA:84,4,0,0
BRDA:84,4,1,0
BRDA:103,5,0,0
BRDA:103,5,1,0
BRF:12
BRH:0
end_of_record
TN:
SF:src/middleware/errorHandler.ts
FN:28,(anonymous_1)
FN:50,isOperationalError
FN:57,handlePrismaError
FN:121,handleJWTError
FN:144,handleValidationError
FN:152,(anonymous_6)
FN:176,logError
FN:225,globalErrorHandler
FN:334,asyncHandler
FN:337,(anonymous_10)
FN:346,(anonymous_11)
FN:349,(anonymous_12)
FN:352,(anonymous_13)
FN:355,(anonymous_14)
FN:358,(anonymous_15)
FN:361,(anonymous_16)
FN:364,(anonymous_17)
FN:367,(anonymous_18)
FNF:18
FNH:0
FNDA:0,(anonymous_1)
FNDA:0,isOperationalError
FNDA:0,handlePrismaError
FNDA:0,handleJWTError
FNDA:0,handleValidationError
FNDA:0,(anonymous_6)
FNDA:0,logError
FNDA:0,globalErrorHandler
FNDA:0,asyncHandler
FNDA:0,(anonymous_10)
FNDA:0,(anonymous_11)
FNDA:0,(anonymous_12)
FNDA:0,(anonymous_13)
FNDA:0,(anonymous_14)
FNDA:0,(anonymous_15)
FNDA:0,(anonymous_16)
FNDA:0,(anonymous_17)
FNDA:0,(anonymous_18)
DA:9,0
DA:10,0
DA:11,0
DA:16,0
DA:17,0
DA:22,0
DA:35,0
DA:36,0
DA:37,0
DA:38,0
DA:39,0
DA:40,0
DA:43,0
DA:51,0
DA:63,0
DA:66,0
DA:67,0
DA:68,0
DA:77,0
DA:85,0
DA:94,0
DA:102,0
DA:109,0
DA:126,0
DA:127,0
DA:134,0
DA:150,0
DA:152,0
DA:158,0
DA:166,0
DA:177,0
DA:179,0
DA:195,0
DA:211,0
DA:212,0
DA:213,0
DA:214,0
DA:215,0
DA:216,0
DA:217,0
DA:225,0
DA:232,0
DA:233,0
DA:237,0
DA:239,0
DA:242,0
DA:243,0
DA:252,0
DA:256,0
DA:257,0
DA:258,0
DA:259,0
DA:263,0
DA:264,0
DA:273,0
DA:277,0
DA:278,0
DA:279,0
DA:280,0
DA:284,0
DA:285,0
DA:286,0
DA:287,0
DA:291,0
DA:292,0
DA:301,0
DA:305,0
DA:306,0
DA:315,0
DA:319,0
DA:323,0
DA:327,0
DA:334,0
DA:337,0
DA:338,0
DA:345,0
DA:347,0
DA:350,0
DA:353,0
DA:356,0
DA:359,0
DA:362,0
DA:365,0
DA:368,0
DA:371,0
LF:85
LH:0
BRDA:30,0,0,0
BRDA:31,1,0,0
BRDA:32,2,0,0
BRDA:51,3,0,0
BRDA:51,3,1,0
BRDA:63,4,0,0
BRDA:63,4,1,0
BRDA:63,4,2,0
BRDA:63,4,3,0
BRDA:63,4,4,0
BRDA:63,4,5,0
BRDA:67,5,0,0
BRDA:67,5,1,0
BRDA:70,6,0,0
BRDA:70,6,1,0
BRDA:113,7,0,0
BRDA:113,7,1,0
BRDA:126,8,0,0
BRDA:126,8,1,0
BRDA:150,9,0,0
BRDA:150,9,1,0
BRDA:150,10,0,0
BRDA:150,10,1,0
BRDA:153,11,0,0
BRDA:153,11,1,0
BRDA:169,12,0,0
BRDA:169,12,1,0
BRDA:177,13,0,0
BRDA:177,13,1,0
BRDA:181,14,0,0
BRDA:181,14,1,0
BRDA:182,15,0,0
BRDA:182,15,1,0
BRDA:183,16,0,0
BRDA:183,16,1,0
BRDA:197,17,0,0
BRDA:197,17,1,0
BRDA:198,18,0,0
BRDA:198,18,1,0
BRDA:199,19,0,0
BRDA:199,19,1,0
BRDA:211,20,0,0
BRDA:211,20,1,0
BRDA:232,21,0,0
BRDA:232,21,1,0
BRDA:242,22,0,0
BRDA:242,22,1,0
BRDA:256,23,0,0
BRDA:256,23,1,0
BRDA:263,24,0,0
BRDA:263,24,1,0
BRDA:269,25,0,0
BRDA:269,25,1,0
BRDA:277,26,0,0
BRDA:277,26,1,0
BRDA:277,27,0,0
BRDA:277,27,1,0
BRDA:284,28,0,0
BRDA:284,28,1,0
BRDA:284,29,0,0
BRDA:284,29,1,0
BRDA:291,30,0,0
BRDA:291,30,1,0
BRDA:291,31,0,0
BRDA:291,31,1,0
BRDA:305,32,0,0
BRDA:305,32,1,0
BRDA:319,33,0,0
BRDA:319,33,1,0
BRDA:323,34,0,0
BRDA:323,34,1,0
BRDA:349,35,0,0
BRDA:352,36,0,0
BRDA:355,37,0,0
BRDA:361,38,0,0
BRDA:364,39,0,0
BRDA:367,40,0,0
BRF:77
BRH:0
end_of_record
TN:
SF:src/middleware/rateLimiter.ts
FNF:0
FNH:0
DA:1,0
DA:4,0
DA:20,0
DA:37,0
DA:53,0
DA:69,0
LF:6
LH:0
BRDA:5,0,0,0
BRDA:5,0,1,0
BRDA:6,1,0,0
BRDA:6,1,1,0
BRF:4
BRH:0
end_of_record
TN:
SF:src/middleware/requestTracker.ts
FN:25,requestTracker
FN:49,(anonymous_1)
FN:80,requestMetrics
FN:84,(anonymous_3)
FNF:4
FNH:0
FNDA:0,requestTracker
FNDA:0,(anonymous_1)
FNDA:0,requestMetrics
FNDA:0,(anonymous_3)
DA:9,0
DA:25,0
DA:27,0
DA:30,0
DA:33,0
DA:36,0
DA:39,0
DA:49,0
DA:50,0
DA:51,0
DA:54,0
DA:64,0
DA:65,0
DA:74,0
DA:80,0
DA:81,0
DA:84,0
DA:85,0
DA:88,0
DA:93,0
DA:96,0
DA:99,0
LF:22
LH:0
BRDA:27,0,0,0
BRDA:27,0,1,0
BRDA:64,1,0,0
BRDA:64,1,1,0
BRF:4
BRH:0
end_of_record
TN:
SF:src/middleware/validation.ts
FN:16,(anonymous_0)
FN:24,(anonymous_1)
FN:54,(anonymous_2)
FN:58,(anonymous_3)
FN:70,(anonymous_4)
FN:75,(anonymous_5)
FN:82,(anonymous_6)
FN:138,(anonymous_7)
FN:154,(anonymous_8)
FN:323,createValidationChain
FN:331,(anonymous_10)
FN:332,(anonymous_11)
FN:333,(anonymous_12)
FN:334,(anonymous_13)
FN:335,(anonymous_14)
FN:336,(anonymous_15)
FNF:16
FNH:0
FNDA:0,(anonymous_0)
FNDA:0,(anonymous_1)
FNDA:0,(anonymous_2)
FNDA:0,(anonymous_3)
FNDA:0,(anonymous_4)
FNDA:0,(anonymous_5)
FNDA:0,(anonymous_6)
FNDA:0,(anonymous_7)
FNDA:0,(anonymous_8)
FNDA:0,createValidationChain
FNDA:0,(anonymous_10)
FNDA:0,(anonymous_11)
FNDA:0,(anonymous_12)
FNDA:0,(anonymous_13)
FNDA:0,(anonymous_14)
FNDA:0,(anonymous_15)
DA:9,0
DA:10,0
DA:16,0
DA:21,0
DA:23,0
DA:24,0
DA:30,0
DA:31,0
DA:34,0
DA:40,0
DA:54,0
DA:59,0
DA:63,0
DA:64,0
DA:67,0
DA:70,0
DA:75,0
DA:82,0
DA:108,0
DA:129,0
DA:139,0
DA:140,0
DA:141,0
DA:143,0
DA:144,0
DA:147,0
DA:148,0
DA:151,0
DA:155,0
DA:156,0
DA:157,0
DA:159,0
DA:160,0
DA:164,0
DA:165,0
DA:166,0
DA:170,0
DA:171,0
DA:172,0
DA:175,0
DA:239,0
DA:267,0
DA:323,0
DA:324,0
DA:330,0
DA:331,0
DA:332,0
DA:333,0
DA:334,0
DA:335,0
DA:336,0
DA:339,0
LF:52
LH:0
BRDA:23,0,0,0
BRDA:23,0,1,0
BRDA:25,1,0,0
BRDA:25,1,1,0
BRDA:27,2,0,0
BRDA:27,2,1,0
BRDA:58,3,0,0
BRDA:63,4,0,0
BRDA:63,4,1,0
BRDA:75,5,0,0
BRDA:75,6,0,0
BRDA:82,7,0,0
BRDA:143,8,0,0
BRDA:143,8,1,0
BRDA:147,9,0,0
BRDA:147,9,1,0
BRDA:159,10,0,0
BRDA:159,10,1,0
BRDA:165,11,0,0
BRDA:165,11,1,0
BRDA:171,12,0,0
BRDA:171,12,1,0
BRF:22
BRH:0
end_of_record
TN:
SF:src/routes/admin.ts
FNF:0
FNH:0
DA:1,0
DA:2,0
DA:3,0
DA:4,0
DA:6,0
DA:7,0
DA:13,0
DA:14,0
DA:15,0
DA:16,0
DA:19,0
DA:21,0
LF:12
LH:0
BRF:0
BRH:0
end_of_record
TN:
SF:src/routes/auth.ts
FNF:0
FNH:0
DA:1,0
DA:2,0
DA:3,0
DA:5,0
DA:6,0
DA:55,0
DA:104,0
DA:134,0
DA:168,0
DA:170,0
LF:10
LH:0
BRF:0
BRH:0
end_of_record
TN:
SF:src/routes/mclass.ts
FNF:0
FNH:0
DA:1,0
DA:2,0
DA:3,0
DA:4,0
DA:5,0
DA:7,0
DA:8,0
DA:9,0
DA:12,0
DA:79,0
DA:123,0
DA:177,0
DA:222,0
DA:272,0
DA:311,0
DA:392,0
DA:394,0
LF:17
LH:0
BRF:0
BRH:0
end_of_record
TN:
SF:src/routes/user.ts
FNF:0
FNH:0
DA:1,0
DA:2,0
DA:3,0
DA:4,0
DA:5,0
DA:7,0
DA:8,0
DA:9,0
DA:12,0
DA:13,0
DA:16,0
DA:17,0
DA:18,0
DA:20,0
LF:14
LH:0
BRF:0
BRH:0
end_of_record
TN:
SF:src/services/application.ts
FN:31,(anonymous_1)
FN:34,(anonymous_2)
FN:37,(anonymous_3)
FN:112,(anonymous_4)
FN:136,(anonymous_5)
FN:180,(anonymous_6)
FN:220,(anonymous_7)
FN:237,(anonymous_8)
FN:257,(anonymous_9)
FN:294,(anonymous_10)
FNF:10
FNH:0
FNDA:0,(anonymous_1)
FNDA:0,(anonymous_2)
FNDA:0,(anonymous_3)
FNDA:0,(anonymous_4)
FNDA:0,(anonymous_5)
FNDA:0,(anonymous_6)
FNDA:0,(anonymous_7)
FNDA:0,(anonymous_8)
FNDA:0,(anonymous_9)
FNDA:0,(anonymous_10)
DA:1,0
DA:2,0
DA:32,0
DA:35,0
DA:37,0
DA:39,0
DA:52,0
DA:53,0
DA:56,0
DA:59,0
DA:60,0
DA:64,0
DA:73,0
DA:74,0
DA:78,0
DA:85,0
DA:88,0
DA:90,0
DA:91,0
DA:92,0
DA:94,0
DA:95,0
DA:100,0
DA:101,0
DA:104,0
DA:108,0
DA:113,0
DA:114,0
DA:130,0
DA:132,0
DA:141,0
DA:142,0
DA:144,0
DA:170,0
DA:176,0
DA:185,0
DA:186,0
DA:188,0
DA:210,0
DA:216,0
DA:221,0
DA:222,0
DA:231,0
DA:233,0
DA:238,0
DA:239,0
DA:248,0
DA:249,0
DA:250,0
DA:253,0
DA:263,0
DA:264,0
DA:276,0
DA:277,0
DA:280,0
DA:281,0
DA:283,0
DA:290,0
DA:295,0
DA:296,0
DA:300,0
DA:302,0
DA:307,0
LF:63
LH:0
BRDA:52,0,0,0
BRDA:52,0,1,0
BRDA:59,1,0,0
BRDA:59,1,1,0
BRDA:73,2,0,0
BRDA:73,2,1,0
BRDA:90,3,0,0
BRDA:90,3,1,0
BRDA:91,4,0,0
BRDA:91,4,1,0
BRDA:94,5,0,0
BRDA:94,5,1,0
BRDA:100,6,0,0
BRDA:100,6,1,0
BRDA:101,7,0,0
BRDA:101,7,1,0
BRDA:101,8,0,0
BRDA:101,8,1,0
BRDA:101,8,2,0
BRDA:138,9,0,0
BRDA:139,10,0,0
BRDA:182,11,0,0
BRDA:183,12,0,0
BRDA:248,13,0,0
BRDA:248,13,1,0
BRDA:249,14,0,0
BRDA:249,14,1,0
BRDA:276,15,0,0
BRDA:276,15,1,0
BRF:29
BRH:0
end_of_record
TN:
SF:src/services/database.ts
FN:7,(anonymous_0)
FN:13,(anonymous_1)
FN:20,(anonymous_2)
FN:24,(anonymous_3)
FN:34,(anonymous_4)
FN:44,(anonymous_5)
FNF:6
FNH:0
FNDA:0,(anonymous_0)
FNDA:0,(anonymous_1)
FNDA:0,(anonymous_2)
FNDA:0,(anonymous_3)
FNDA:0,(anonymous_4)
FNDA:0,(anonymous_5)
DA:1,1
DA:8,0
DA:14,0
DA:15,0
DA:17,0
DA:21,0
DA:25,0
DA:26,0
DA:27,0
DA:29,0
DA:30,0
DA:35,0
DA:36,0
DA:37,0
DA:39,0
DA:40,0
DA:45,0
DA:46,0
DA:47,0
DA:49,0
DA:50,0
DA:55,1
LF:22
LH:2
BRDA:9,0,0,0
BRDA:9,0,1,0
BRDA:14,1,0,0
BRDA:14,1,1,0
BRF:4
BRH:0
end_of_record
TN:
SF:src/services/email.ts
FN:23,(anonymous_1)
FN:27,(anonymous_2)
FN:55,(anonymous_3)
FN:90,(anonymous_4)
FN:191,(anonymous_5)
FNF:5
FNH:0
FNDA:0,(anonymous_1)
FNDA:0,(anonymous_2)
FNDA:0,(anonymous_3)
FNDA:0,(anonymous_4)
FNDA:0,(anonymous_5)
DA:1,0
DA:2,0
DA:21,0
DA:24,0
DA:29,0
DA:30,0
DA:40,0
DA:56,0
DA:57,0
DA:58,0
DA:61,0
DA:69,0
DA:76,0
DA:78,0
DA:83,0
DA:91,0
DA:93,0
DA:163,0
DA:180,0
DA:192,0
DA:193,0
DA:194,0
DA:197,0
DA:198,0
DA:199,0
DA:201,0
DA:204,0
DA:209,0
LF:28
LH:0
BRDA:29,0,0,0
BRDA:29,0,1,0
BRDA:41,1,0,0
BRDA:41,1,1,0
BRDA:42,2,0,0
BRDA:42,2,1,0
BRDA:57,3,0,0
BRDA:57,3,1,0
BRDA:62,4,0,0
BRDA:62,4,1,0
BRDA:79,5,0,0
BRDA:79,5,1,0
BRDA:121,6,0,0
BRDA:121,6,1,0
BRDA:166,7,0,0
BRDA:166,7,1,0
BRDA:193,8,0,0
BRDA:193,8,1,0
BRDA:202,9,0,0
BRDA:202,9,1,0
BRF:20
BRH:0
end_of_record
TN:
SF:src/services/mclass.ts
FN:29,(anonymous_1)
FN:32,(anonymous_2)
FN:56,(anonymous_3)
FN:88,(anonymous_4)
FN:132,(anonymous_5)
FN:147,(anonymous_6)
FN:165,(anonymous_7)
FN:180,(anonymous_8)
FN:217,(anonymous_9)
FNF:9
FNH:0
FNDA:0,(anonymous_1)
FNDA:0,(anonymous_2)
FNDA:0,(anonymous_3)
FNDA:0,(anonymous_4)
FNDA:0,(anonymous_5)
FNDA:0,(anonymous_6)
FNDA:0,(anonymous_7)
FNDA:0,(anonymous_8)
FNDA:0,(anonymous_9)
DA:1,0
DA:2,0
DA:30,0
DA:33,0
DA:34,0
DA:45,0
DA:47,0
DA:48,0
DA:49,0
DA:52,0
DA:57,0
DA:58,0
DA:75,0
DA:76,0
DA:79,0
DA:84,0
DA:93,0
DA:94,0
DA:95,0
DA:97,0
DA:105,0
DA:132,0
DA:137,0
DA:143,0
DA:148,0
DA:149,0
DA:154,0
DA:156,0
DA:157,0
DA:158,0
DA:161,0
DA:166,0
DA:167,0
DA:171,0
DA:172,0
DA:173,0
DA:176,0
DA:186,0
DA:187,0
DA:199,0
DA:200,0
DA:203,0
DA:204,0
DA:206,0
DA:213,0
DA:218,0
DA:219,0
DA:224,0
DA:226,0
DA:231,0
LF:50
LH:0
BRDA:47,0,0,0
BRDA:47,0,1,0
BRDA:48,1,0,0
BRDA:48,1,1,0
BRDA:75,2,0,0
BRDA:75,2,1,0
BRDA:89,3,0,0
BRDA:90,4,0,0
BRDA:91,5,0,0
BRDA:97,6,0,0
BRDA:97,6,1,0
BRDA:156,7,0,0
BRDA:156,7,1,0
BRDA:157,8,0,0
BRDA:157,8,1,0
BRDA:171,9,0,0
BRDA:171,9,1,0
BRDA:172,10,0,0
BRDA:172,10,1,0
BRDA:199,11,0,0
BRDA:199,11,1,0
BRF:21
BRH:0
end_of_record
TN:
SF:src/services/user.ts
FN:28,(anonymous_1)
FN:31,(anonymous_2)
FN:70,(anonymous_3)
FN:111,(anonymous_4)
FN:125,(anonymous_5)
FN:139,(anonymous_6)
FN:164,(anonymous_7)
FN:179,(anonymous_8)
FN:224,(anonymous_9)
FN:230,(anonymous_10)
FN:238,(anonymous_11)
FNF:11
FNH:11
FNDA:23,(anonymous_1)
FNDA:5,(anonymous_2)
FNDA:4,(anonymous_3)
FNDA:2,(anonymous_4)
FNDA:2,(anonymous_5)
FNDA:2,(anonymous_6)
FNDA:1,(anonymous_7)
FNDA:4,(anonymous_8)
FNDA:1,(anonymous_9)
FNDA:1,(anonymous_10)
FNDA:2,(anonymous_11)
DA:1,1
DA:2,1
DA:3,1
DA:29,23
DA:32,5
DA:35,5
DA:39,5
DA:40,1
DA:44,4
DA:45,4
DA:46,1
DA:50,3
DA:53,3
DA:67,3
DA:71,4
DA:74,4
DA:78,4
DA:79,1
DA:83,3
DA:84,3
DA:85,1
DA:89,2
DA:95,2
DA:98,2
DA:105,2
DA:112,2
DA:122,2
DA:126,2
DA:136,2
DA:140,2
DA:164,2
DA:180,4
DA:182,4
DA:183,2
DA:186,2
DA:193,2
DA:194,1
DA:198,3
DA:199,2
DA:200,2
DA:201,1
DA:203,1
DA:206,2
DA:207,0
DA:210,2
DA:221,2
DA:225,1
DA:231,1
DA:239,2
DA:248,2
DA:249,1
DA:252,1
DA:258,1
DA:262,1
LF:54
LH:53
BRDA:32,0,0,0
BRDA:39,1,0,1
BRDA:39,1,1,4
BRDA:45,2,0,1
BRDA:45,2,1,3
BRDA:78,3,0,1
BRDA:78,3,1,3
BRDA:84,4,0,1
BRDA:84,4,1,2
BRDA:182,5,0,2
BRDA:182,5,1,2
BRDA:193,6,0,1
BRDA:193,6,1,1
BRDA:198,7,0,2
BRDA:198,7,1,1
BRDA:200,8,0,1
BRDA:200,8,1,1
BRDA:206,9,0,0
BRDA:206,9,1,2
BRDA:248,10,0,1
BRDA:248,10,1,1
BRF:21
BRH:19
end_of_record
TN:
SF:src/utils/enhancedLogger.ts
FN:12,(anonymous_1)
FN:60,(anonymous_2)
FN:137,generateCorrelationId
FN:147,(anonymous_4)
FN:151,(anonymous_5)
FN:158,(anonymous_6)
FN:166,(anonymous_7)
FN:170,(anonymous_8)
FN:174,(anonymous_9)
FN:178,(anonymous_10)
FN:183,(anonymous_11)
FN:193,(anonymous_12)
FN:201,(anonymous_13)
FN:215,(anonymous_14)
FN:239,(anonymous_15)
FN:248,(anonymous_16)
FN:252,(anonymous_17)
FN:256,(anonymous_18)
FN:261,(anonymous_19)
FN:278,createRequestLogger
FNF:20
FNH:0
FNDA:0,(anonymous_1)
FNDA:0,(anonymous_2)
FNDA:0,generateCorrelationId
FNDA:0,(anonymous_4)
FNDA:0,(anonymous_5)
FNDA:0,(anonymous_6)
FNDA:0,(anonymous_7)
FNDA:0,(anonymous_8)
FNDA:0,(anonymous_9)
FNDA:0,(anonymous_10)
FNDA:0,(anonymous_11)
FNDA:0,(anonymous_12)
FNDA:0,(anonymous_13)
FNDA:0,(anonymous_14)
FNDA:0,(anonymous_15)
FNDA:0,(anonymous_16)
FNDA:0,(anonymous_17)
FNDA:0,(anonymous_18)
FNDA:0,(anonymous_19)
FNDA:0,createRequestLogger
DA:8,0
DA:9,0
DA:12,0
DA:13,0
DA:14,0
DA:15,0
DA:16,0
DA:17,0
DA:56,0
DA:61,0
DA:68,0
DA:73,0
DA:76,0
DA:90,0
DA:91,0
DA:124,0
DA:137,0
DA:138,0
DA:144,0
DA:148,0
DA:152,0
DA:159,0
DA:167,0
DA:171,0
DA:175,0
DA:179,0
DA:184,0
DA:185,0
DA:194,0
DA:202,0
DA:203,0
DA:214,0
DA:216,0
DA:230,0
DA:233,0
DA:235,0
DA:240,0
DA:245,0
DA:249,0
DA:253,0
DA:257,0
DA:262,0
DA:278,0
DA:279,0
DA:283,0
DA:285,0
LF:46
LH:0
BRDA:12,0,0,0
BRDA:12,0,1,0
BRDA:79,1,0,0
BRDA:79,1,1,0
BRDA:80,2,0,0
BRDA:80,2,1,0
BRDA:90,3,0,0
BRDA:90,3,1,0
BRDA:125,4,0,0
BRDA:125,4,1,0
BRDA:125,5,0,0
BRDA:125,5,1,0
BRDA:151,6,0,0
BRDA:153,7,0,0
BRDA:153,7,1,0
BRDA:158,8,0,0
BRDA:166,9,0,0
BRDA:170,10,0,0
BRDA:174,11,0,0
BRDA:178,12,0,0
BRDA:183,13,0,0
BRDA:184,14,0,0
BRDA:184,14,1,0
BRDA:193,15,0,0
BRDA:201,16,0,0
BRDA:202,17,0,0
BRDA:202,17,1,0
BRDA:221,18,0,0
BRDA:221,18,1,0
BRDA:222,19,0,0
BRDA:222,19,1,0
BRDA:223,20,0,0
BRDA:223,20,1,0
BRDA:224,21,0,0
BRDA:224,21,1,0
BRDA:226,22,0,0
BRDA:226,22,1,0
BRDA:233,23,0,0
BRDA:233,23,1,0
BRDA:233,24,0,0
BRDA:233,24,1,0
BRDA:261,25,0,0
BRF:42
BRH:0
end_of_record
TN:
SF:src/utils/jwt.ts
FN:17,(anonymous_1)
FN:33,(anonymous_2)
FN:56,(anonymous_3)
FN:69,(anonymous_4)
FN:77,(anonymous_5)
FNF:5
FNH:5
FNDA:3,(anonymous_1)
FNDA:4,(anonymous_2)
FNDA:6,(anonymous_3)
FNDA:2,(anonymous_4)
FNDA:3,(anonymous_5)
DA:1,2
DA:15,2
DA:18,3
DA:19,0
DA:22,3
DA:34,4
DA:35,0
DA:38,4
DA:39,4
DA:44,1
DA:46,3
DA:47,1
DA:48,2
DA:49,1
DA:51,1
DA:57,6
DA:58,1
DA:61,5
DA:62,5
DA:63,3
DA:66,2
DA:70,2
DA:72,2
DA:78,3
DA:79,3
DA:80,2
DA:82,1
DA:87,2
LF:28
LH:26
BRDA:18,0,0,0
BRDA:18,0,1,3
BRDA:34,1,0,0
BRDA:34,1,1,4
BRDA:46,2,0,1
BRDA:46,2,1,2
BRDA:48,3,0,1
BRDA:48,3,1,1
BRDA:57,4,0,1
BRDA:57,4,1,5
BRDA:62,5,0,3
BRDA:62,5,1,2
BRDA:62,6,0,5
BRDA:62,6,1,3
BRDA:66,7,0,2
BRDA:66,7,1,1
BRF:16
BRH:14
end_of_record
TN:
SF:src/utils/logger.ts
FN:12,(anonymous_0)
FN:40,(anonymous_1)
FN:44,(anonymous_2)
FN:48,(anonymous_3)
FN:52,(anonymous_4)
FN:63,(anonymous_5)
FN:74,(anonymous_6)
FN:85,(anonymous_7)
FN:96,(anonymous_8)
FN:106,(anonymous_9)
FN:116,(anonymous_10)
FNF:11
FNH:0
FNDA:0,(anonymous_0)
FNDA:0,(anonymous_1)
FNDA:0,(anonymous_2)
FNDA:0,(anonymous_3)
FNDA:0,(anonymous_4)
FNDA:0,(anonymous_5)
FNDA:0,(anonymous_6)
FNDA:0,(anonymous_7)
FNDA:0,(anonymous_8)
FNDA:0,(anonymous_9)
FNDA:0,(anonymous_10)
DA:11,0
DA:13,0
DA:14,0
DA:27,0
DA:29,0
DA:32,0
DA:33,0
DA:34,0
DA:35,0
DA:41,0
DA:45,0
DA:49,0
DA:53,0
DA:64,0
DA:75,0
DA:86,0
DA:97,0
DA:107,0
DA:117,0
DA:128,0
LF:20
LH:0
BRDA:18,0,0,0
BRDA:18,0,1,0
BRDA:19,1,0,0
BRDA:19,1,1,0
BRDA:20,2,0,0
BRDA:20,2,1,0
BRDA:21,3,0,0
BRDA:21,3,1,0
BRDA:23,4,0,0
BRDA:23,4,1,0
BRDA:27,5,0,0
BRDA:27,5,1,0
BRDA:32,6,0,0
BRDA:32,6,1,0
BRDA:32,7,0,0
BRDA:32,7,1,0
BRDA:34,8,0,0
BRDA:34,8,1,0
BRF:18
BRH:0
end_of_record
TN:
SF:src/utils/password.ts
FN:6,(anonymous_1)
FN:15,(anonymous_2)
FN:24,(anonymous_3)
FN:61,(anonymous_4)
FN:82,(anonymous_5)
FNF:5
FNH:5
FNDA:2,(anonymous_1)
FNDA:3,(anonymous_2)
FNDA:10,(anonymous_3)
FNDA:6,(anonymous_4)
FNDA:285,(anonymous_5)
DA:1,2
DA:4,2
DA:7,2
DA:8,2
DA:9,1
DA:11,1
DA:16,3
DA:17,3
DA:18,2
DA:20,1
DA:25,10
DA:27,10
DA:28,2
DA:31,10
DA:32,1
DA:35,10
DA:36,2
DA:39,10
DA:40,2
DA:43,10
DA:44,2
DA:47,10
DA:48,2
DA:51,10
DA:52,2
DA:55,10
DA:62,6
DA:63,6
DA:64,6
DA:65,6
DA:66,6
DA:68,6
DA:71,6
DA:72,6
DA:73,6
DA:74,6
DA:77,6
DA:78,76
DA:82,285
DA:86,2
LF:40
LH:40
BRDA:27,0,0,2
BRDA:27,0,1,8
BRDA:31,1,0,1
BRDA:31,1,1,9
BRDA:35,2,0,2
BRDA:35,2,1,8
BRDA:39,3,0,2
BRDA:39,3,1,8
BRDA:43,4,0,2
BRDA:43,4,1,8
BRDA:47,5,0,2
BRDA:47,5,1,8
BRDA:51,6,0,2
BRDA:51,6,1,8
BRDA:61,7,0,4
BRF:15
BRH:15
end_of_record
TN:
SF:src/utils/response.ts
FN:24,generateRequestId
FN:31,getCurrentTimestamp
FN:38,createMetadata
FN:49,sendSuccess
FN:69,sendCreated
FN:81,sendNoContent
FN:98,sendPaginated
FN:121,sendError
FN:147,sendValidationError
FN:169,sendBadRequest
FN:181,sendUnauthorized
FN:192,sendForbidden
FN:203,sendNotFound
FN:214,sendConflict
FN:226,sendCapacityExceeded
FN:237,sendTooManyRequests
FN:253,sendInternalError
FN:268,createPaginationMeta
FN:288,validatePagination
FN:340,extractRequestMetadata
FNF:20
FNH:20
FNDA:19,generateRequestId
FNDA:20,getCurrentTimestamp
FNDA:20,createMetadata
FNDA:5,sendSuccess
FNDA:1,sendCreated
FNDA:1,sendNoContent
FNDA:1,sendPaginated
FNDA:11,sendError
FNDA:2,sendValidationError
FNDA:1,sendBadRequest
FNDA:1,sendUnauthorized
FNDA:1,sendForbidden
FNDA:1,sendNotFound
FNDA:1,sendConflict
FNDA:1,sendCapacityExceeded
FNDA:1,sendTooManyRequests
FNDA:2,sendInternalError
FNDA:3,createPaginationMeta
FNDA:6,validatePagination
FNDA:3,extractRequestMetadata
DA:9,1
DA:25,19
DA:32,20
DA:39,20
DA:49,1
DA:56,5
DA:63,5
DA:69,1
DA:75,1
DA:81,1
DA:86,1
DA:92,1
DA:98,1
DA:105,1
DA:115,1
DA:121,1
DA:130,11
DA:141,11
DA:147,1
DA:153,2
DA:163,2
DA:169,1
DA:175,1
DA:181,1
DA:186,1
DA:192,1
DA:197,1
DA:203,1
DA:208,1
DA:214,1
DA:220,1
DA:226,1
DA:231,1
DA:237,1
DA:243,1
DA:244,1
DA:247,1
DA:253,1
DA:260,2
DA:262,2
DA:268,1
DA:273,3
DA:275,3
DA:288,1
DA:293,6
DA:296,6
DA:297,6
DA:298,5
DA:299,5
DA:300,2
DA:305,2
DA:310,6
DA:311,6
DA:312,5
DA:313,5
DA:314,2
DA:319,2
DA:320,3
DA:321,1
DA:326,1
DA:330,6
DA:340,1
DA:341,3
LF:63
LH:63
BRDA:40,0,0,20
BRDA:40,0,1,19
BRDA:53,1,0,2
BRDA:60,2,0,5
BRDA:60,2,1,2
BRDA:112,3,0,1
BRDA:112,3,1,0
BRDA:125,4,0,1
BRDA:135,5,0,11
BRDA:135,5,1,3
BRDA:136,6,0,11
BRDA:136,6,1,1
BRDA:150,7,0,1
BRDA:183,8,0,1
BRDA:194,9,0,1
BRDA:205,10,0,1
BRDA:228,11,0,1
BRDA:239,12,0,0
BRDA:243,13,0,1
BRDA:243,13,1,0
BRDA:255,14,0,1
BRDA:260,15,0,1
BRDA:260,15,1,1
BRDA:291,16,0,5
BRDA:297,17,0,5
BRDA:297,17,1,1
BRDA:298,18,0,2
BRDA:298,18,1,3
BRDA:299,19,0,2
BRDA:299,19,1,3
BRDA:299,20,0,5
BRDA:299,20,1,4
BRDA:311,21,0,5
BRDA:311,21,1,1
BRDA:312,22,0,2
BRDA:312,22,1,3
BRDA:313,23,0,2
BRDA:313,23,1,3
BRDA:313,24,0,5
BRDA:313,24,1,4
BRDA:320,25,0,1
BRDA:320,25,1,2
BRDA:342,26,0,3
BRDA:342,26,1,2
BRF:44
BRH:41
end_of_record
TN:
SF:src/utils/validation.ts
FN:7,(anonymous_0)
FN:43,(anonymous_1)
FN:108,(anonymous_2)
FN:125,(anonymous_3)
FN:149,(anonymous_4)
FN:173,(anonymous_5)
FNF:6
FNH:6
FNDA:13,(anonymous_0)
FNDA:17,(anonymous_1)
FNDA:9,(anonymous_2)
FNDA:9,(anonymous_3)
FNDA:11,(anonymous_4)
FNDA:3,(anonymous_5)
DA:6,1
DA:8,13
DA:10,13
DA:11,2
DA:12,2
DA:15,11
DA:16,1
DA:17,1
DA:21,10
DA:22,1
DA:26,10
DA:27,10
DA:28,3
DA:32,10
DA:33,10
DA:34,4
DA:37,10
DA:44,17
DA:46,17
DA:47,2
DA:48,2
DA:51,15
DA:52,1
DA:53,1
DA:57,14
DA:58,1
DA:61,14
DA:62,1
DA:66,14
DA:67,2
DA:70,14
DA:71,1
DA:74,14
DA:75,1
DA:78,14
DA:79,1
DA:83,14
DA:84,2
DA:88,14
DA:95,14
DA:96,46
DA:97,5
DA:98,5
DA:102,14
DA:109,9
DA:110,5
DA:114,4
DA:117,4
DA:120,4
DA:122,4
DA:126,9
DA:128,9
DA:129,5
DA:130,5
DA:133,4
DA:134,12
DA:135,2
DA:136,10
DA:137,2
DA:138,8
DA:139,2
DA:143,4
DA:150,11
DA:152,11
DA:153,2
DA:154,2
DA:157,9
DA:158,1
DA:159,1
DA:162,8
DA:163,8
DA:164,5
DA:167,8
DA:174,3
DA:186,1
LF:75
LH:75
BRDA:10,0,0,2
BRDA:10,0,1,11
BRDA:15,1,0,1
BRDA:15,1,1,10
BRDA:21,2,0,1
BRDA:21,2,1,9
BRDA:27,3,0,3
BRDA:27,3,1,7
BRDA:33,4,0,4
BRDA:33,4,1,6
BRDA:46,5,0,2
BRDA:46,5,1,15
BRDA:51,6,0,1
BRDA:51,6,1,14
BRDA:57,7,0,1
BRDA:57,7,1,13
BRDA:61,8,0,1
BRDA:61,8,1,13
BRDA:66,9,0,2
BRDA:66,9,1,12
BRDA:70,10,0,1
BRDA:70,10,1,13
BRDA:74,11,0,1
BRDA:74,11,1,13
BRDA:78,12,0,1
BRDA:78,12,1,13
BRDA:83,13,0,2
BRDA:83,13,1,12
BRDA:96,14,0,5
BRDA:96,14,1,41
BRDA:109,15,0,5
BRDA:109,15,1,4
BRDA:128,16,0,5
BRDA:128,16,1,4
BRDA:128,17,0,9
BRDA:128,17,1,7
BRDA:128,17,2,5
BRDA:134,18,0,2
BRDA:134,18,1,10
BRDA:136,19,0,2
BRDA:136,19,1,8
BRDA:136,20,0,10
BRDA:136,20,1,9
BRDA:138,21,0,2
BRDA:138,21,1,6
BRDA:138,22,0,8
BRDA:138,22,1,8
BRDA:152,23,0,2
BRDA:152,23,1,9
BRDA:157,24,0,1
BRDA:157,24,1,8
BRDA:163,25,0,5
BRDA:163,25,1,3
BRF:53
BRH:53
end_of_record
